<?xml version="1.0" encoding="UTF-8"?>
<coverage generated="1740322538538" clover="3.2.0">
  <project timestamp="1740322538539" name="All files">
    <metrics statements="13" coveredstatements="13" conditionals="9" coveredconditionals="9" methods="6" coveredmethods="6" elements="28" coveredelements="28" complexity="0" loc="13" ncloc="13" packages="2" files="2" classes="2"/>
    <package name="libs.checkbox-list">
      <metrics statements="11" coveredstatements="11" conditionals="8" coveredconditionals="8" methods="5" coveredmethods="5"/>
      <file name="index.tsx" path="C:\Users\Lenovo\OneDrive\Documents\noor\start-pro\src\libs\checkbox-list\index.tsx">
        <metrics statements="11" coveredstatements="11" conditionals="8" coveredconditionals="8" methods="5" coveredmethods="5"/>
        <line num="9" count="1" type="stmt"/>
        <line num="10" count="8" type="stmt"/>
        <line num="11" count="8" type="stmt"/>
        <line num="12" count="4" type="stmt"/>
        <line num="14" count="8" type="stmt"/>
        <line num="15" count="5" type="stmt"/>
        <line num="16" count="5" type="stmt"/>
        <line num="17" count="10" type="cond" truecount="2" falsecount="0"/>
        <line num="18" count="5" type="cond" truecount="4" falsecount="0"/>
        <line num="20" count="8" type="stmt"/>
        <line num="23" count="8" type="stmt"/>
      </file>
    </package>
    <package name="utils">
      <metrics statements="2" coveredstatements="2" conditionals="1" coveredconditionals="1" methods="1" coveredmethods="1"/>
      <file name="test-utils.tsx" path="C:\Users\Lenovo\OneDrive\Documents\noor\start-pro\src\utils\test-utils.tsx">
        <metrics statements="2" coveredstatements="2" conditionals="1" coveredconditionals="1" methods="1" coveredmethods="1"/>
        <line num="5" count="1" type="cond" truecount="1" falsecount="0"/>
        <line num="6" count="4" type="stmt"/>
      </file>
    </package>
  </project>
</coverage>
