{"C:\\Users\\Lenovo\\OneDrive\\Documents\\noor\\start-pro\\src\\libs\\checkbox-list\\index.tsx": {"path":"C:\\Users\\Lenovo\\OneDrive\\Documents\\noor\\start-pro\\src\\libs\\checkbox-list\\index.tsx","statementMap":{"0":{"start":{"line":9,"column":43},"end":{"line":36,"column":1}},"1":{"start":{"line":10,"column":36},"end":{"line":10,"column":76}},"2":{"start":{"line":11,"column":2},"end":{"line":13,"column":23}},"3":{"start":{"line":12,"column":4},"end":{"line":12,"column":23}},"4":{"start":{"line":14,"column":26},"end":{"line":19,"column":3}},"5":{"start":{"line":15,"column":4},"end":{"line":15,"column":43}},"6":{"start":{"line":16,"column":16},"end":{"line":16,"column":17}},"7":{"start":{"line":17,"column":4},"end":{"line":17,"column":79}},"8":{"start":{"line":17,"column":52},"end":{"line":17,"column":77}},"9":{"start":{"line":18,"column":4},"end":{"line":18,"column":96}},"10":{"start":{"line":20,"column":2},"end":{"line":35,"column":4}},"11":{"start":{"line":23,"column":8},"end":{"line":31,"column":14}}},"fnMap":{"0":{"name":"(anonymous_0)","decl":{"start":{"line":9,"column":43},"end":{"line":9,"column":44}},"loc":{"start":{"line":9,"column":92},"end":{"line":36,"column":1}},"line":9},"1":{"name":"(anonymous_1)","decl":{"start":{"line":11,"column":12},"end":{"line":11,"column":13}},"loc":{"start":{"line":11,"column":18},"end":{"line":13,"column":3}},"line":11},"2":{"name":"(anonymous_2)","decl":{"start":{"line":14,"column":26},"end":{"line":14,"column":27}},"loc":{"start":{"line":14,"column":70},"end":{"line":19,"column":3}},"line":14},"3":{"name":"(anonymous_3)","decl":{"start":{"line":17,"column":33},"end":{"line":17,"column":34}},"loc":{"start":{"line":17,"column":52},"end":{"line":17,"column":77}},"line":17},"4":{"name":"(anonymous_4)","decl":{"start":{"line":22,"column":34},"end":{"line":22,"column":35}},"loc":{"start":{"line":23,"column":8},"end":{"line":31,"column":14}},"line":23}},"branchMap":{"0":{"loc":{"start":{"line":17,"column":52},"end":{"line":17,"column":77}},"type":"binary-expr","locations":[{"start":{"line":17,"column":52},"end":{"line":17,"column":66}},{"start":{"line":17,"column":70},"end":{"line":17,"column":77}}],"line":17},"1":{"loc":{"start":{"line":18,"column":19},"end":{"line":18,"column":95}},"type":"cond-expr","locations":[{"start":{"line":18,"column":59},"end":{"line":18,"column":63}},{"start":{"line":18,"column":66},"end":{"line":18,"column":95}}],"line":18},"2":{"loc":{"start":{"line":18,"column":66},"end":{"line":18,"column":95}},"type":"cond-expr","locations":[{"start":{"line":18,"column":80},"end":{"line":18,"column":85}},{"start":{"line":18,"column":88},"end":{"line":18,"column":95}}],"line":18},"3":{"loc":{"start":{"line":21,"column":20},"end":{"line":21,"column":35}},"type":"binary-expr","locations":[{"start":{"line":21,"column":20},"end":{"line":21,"column":29}},{"start":{"line":21,"column":33},"end":{"line":21,"column":35}}],"line":21}},"s":{"0":1,"1":8,"2":8,"3":4,"4":8,"5":5,"6":5,"7":5,"8":10,"9":5,"10":8,"11":8},"f":{"0":8,"1":4,"2":5,"3":10,"4":8},"b":{"0":[10,5],"1":[1,4],"2":[1,3],"3":[8,8]},"_coverageSchema":"1a1c01bbd47fc00a2c39e90264f33305004495a9","hash":"d06cbba86b8385347767b80e666c87338ce27d44"}
,"C:\\Users\\Lenovo\\OneDrive\\Documents\\noor\\start-pro\\src\\utils\\test-utils.tsx": {"path":"C:\\Users\\Lenovo\\OneDrive\\Documents\\noor\\start-pro\\src\\utils\\test-utils.tsx","statementMap":{"0":{"start":{"line":5,"column":21},"end":{"line":6,"column":76}},"1":{"start":{"line":6,"column":4},"end":{"line":6,"column":76}}},"fnMap":{"0":{"name":"(anonymous_0)","decl":{"start":{"line":5,"column":21},"end":{"line":5,"column":22}},"loc":{"start":{"line":6,"column":4},"end":{"line":6,"column":76}},"line":6}},"branchMap":{"0":{"loc":{"start":{"line":5,"column":46},"end":{"line":5,"column":58}},"type":"default-arg","locations":[{"start":{"line":5,"column":56},"end":{"line":5,"column":58}}],"line":5}},"s":{"0":1,"1":4},"f":{"0":4},"b":{"0":[4]},"_coverageSchema":"1a1c01bbd47fc00a2c39e90264f33305004495a9","hash":"6687f9f304b987409923c47072f6ea9c87644964"}
}
