{"C:\\Users\\Lenovo\\OneDrive\\Documents\\noor\\start-pro\\src\\libs\\calender-tablet\\index.tsx": {"path":"C:\\Users\\Lenovo\\OneDrive\\Documents\\noor\\start-pro\\src\\libs\\calender-tablet\\index.tsx","statementMap":{"0":{"start":{"line":10,"column":47},"end":{"line":31,"column":1}},"1":{"start":{"line":11,"column":18},"end":{"line":11,"column":36}},"2":{"start":{"line":12,"column":2},"end":{"line":12,"column":30}},"3":{"start":{"line":13,"column":18},"end":{"line":21,"column":12}},"4":{"start":{"line":14,"column":4},"end":{"line":14,"column":32}},"5":{"start":{"line":14,"column":15},"end":{"line":14,"column":32}},"6":{"start":{"line":15,"column":21},"end":{"line":15,"column":32}},"7":{"start":{"line":16,"column":4},"end":{"line":20,"column":6}},"8":{"start":{"line":22,"column":2},"end":{"line":30,"column":4}},"9":{"start":{"line":33,"column":30},"end":{"line":33,"column":56}}},"fnMap":{"0":{"name":"(anonymous_0)","decl":{"start":{"line":10,"column":47},"end":{"line":10,"column":48}},"loc":{"start":{"line":10,"column":61},"end":{"line":31,"column":1}},"line":10},"1":{"name":"(anonymous_1)","decl":{"start":{"line":13,"column":26},"end":{"line":13,"column":27}},"loc":{"start":{"line":13,"column":32},"end":{"line":21,"column":3}},"line":13}},"branchMap":{"0":{"loc":{"start":{"line":14,"column":4},"end":{"line":14,"column":32}},"type":"if","locations":[{"start":{"line":14,"column":4},"end":{"line":14,"column":32}},{"start":{},"end":{}}],"line":14}},"s":{"0":1,"1":0,"2":0,"3":0,"4":0,"5":0,"6":0,"7":0,"8":0,"9":1},"f":{"0":0,"1":0},"b":{"0":[0,0]},"_coverageSchema":"1a1c01bbd47fc00a2c39e90264f33305004495a9","hash":"3384b43f33e41fe6d69b09e7f47ab404b7b02648"}
,"C:\\Users\\Lenovo\\OneDrive\\Documents\\noor\\start-pro\\src\\libs\\calender-tablet\\styles-hook\\use-calender-style.ts": {"path":"C:\\Users\\Lenovo\\OneDrive\\Documents\\noor\\start-pro\\src\\libs\\calender-tablet\\styles-hook\\use-calender-style.ts","statementMap":{"0":{"start":{"line":7,"column":34},"end":{"line":23,"column":4}}},"fnMap":{},"branchMap":{},"s":{"0":1},"f":{},"b":{},"_coverageSchema":"1a1c01bbd47fc00a2c39e90264f33305004495a9","hash":"02ed1ebc9d70ac861e69b86becc499e2ea2b659c"}
,"C:\\Users\\Lenovo\\OneDrive\\Documents\\noor\\start-pro\\src\\libs\\checkbox-list\\index.tsx": {"path":"C:\\Users\\Lenovo\\OneDrive\\Documents\\noor\\start-pro\\src\\libs\\checkbox-list\\index.tsx","statementMap":{"0":{"start":{"line":9,"column":43},"end":{"line":36,"column":1}},"1":{"start":{"line":10,"column":36},"end":{"line":10,"column":76}},"2":{"start":{"line":11,"column":2},"end":{"line":13,"column":23}},"3":{"start":{"line":12,"column":4},"end":{"line":12,"column":23}},"4":{"start":{"line":14,"column":26},"end":{"line":19,"column":3}},"5":{"start":{"line":15,"column":4},"end":{"line":15,"column":43}},"6":{"start":{"line":16,"column":16},"end":{"line":16,"column":17}},"7":{"start":{"line":17,"column":4},"end":{"line":17,"column":79}},"8":{"start":{"line":17,"column":52},"end":{"line":17,"column":77}},"9":{"start":{"line":18,"column":4},"end":{"line":18,"column":96}},"10":{"start":{"line":20,"column":2},"end":{"line":35,"column":4}},"11":{"start":{"line":23,"column":8},"end":{"line":31,"column":14}}},"fnMap":{"0":{"name":"(anonymous_0)","decl":{"start":{"line":9,"column":43},"end":{"line":9,"column":44}},"loc":{"start":{"line":9,"column":92},"end":{"line":36,"column":1}},"line":9},"1":{"name":"(anonymous_1)","decl":{"start":{"line":11,"column":12},"end":{"line":11,"column":13}},"loc":{"start":{"line":11,"column":18},"end":{"line":13,"column":3}},"line":11},"2":{"name":"(anonymous_2)","decl":{"start":{"line":14,"column":26},"end":{"line":14,"column":27}},"loc":{"start":{"line":14,"column":70},"end":{"line":19,"column":3}},"line":14},"3":{"name":"(anonymous_3)","decl":{"start":{"line":17,"column":33},"end":{"line":17,"column":34}},"loc":{"start":{"line":17,"column":52},"end":{"line":17,"column":77}},"line":17},"4":{"name":"(anonymous_4)","decl":{"start":{"line":22,"column":34},"end":{"line":22,"column":35}},"loc":{"start":{"line":23,"column":8},"end":{"line":31,"column":14}},"line":23}},"branchMap":{"0":{"loc":{"start":{"line":17,"column":52},"end":{"line":17,"column":77}},"type":"binary-expr","locations":[{"start":{"line":17,"column":52},"end":{"line":17,"column":66}},{"start":{"line":17,"column":70},"end":{"line":17,"column":77}}],"line":17},"1":{"loc":{"start":{"line":18,"column":19},"end":{"line":18,"column":95}},"type":"cond-expr","locations":[{"start":{"line":18,"column":59},"end":{"line":18,"column":63}},{"start":{"line":18,"column":66},"end":{"line":18,"column":95}}],"line":18},"2":{"loc":{"start":{"line":18,"column":66},"end":{"line":18,"column":95}},"type":"cond-expr","locations":[{"start":{"line":18,"column":80},"end":{"line":18,"column":85}},{"start":{"line":18,"column":88},"end":{"line":18,"column":95}}],"line":18},"3":{"loc":{"start":{"line":21,"column":20},"end":{"line":21,"column":35}},"type":"binary-expr","locations":[{"start":{"line":21,"column":20},"end":{"line":21,"column":29}},{"start":{"line":21,"column":33},"end":{"line":21,"column":35}}],"line":21}},"s":{"0":1,"1":0,"2":0,"3":0,"4":0,"5":0,"6":0,"7":0,"8":0,"9":0,"10":0,"11":0},"f":{"0":0,"1":0,"2":0,"3":0,"4":0},"b":{"0":[0,0],"1":[0,0],"2":[0,0],"3":[0,0]},"_coverageSchema":"1a1c01bbd47fc00a2c39e90264f33305004495a9","hash":"d06cbba86b8385347767b80e666c87338ce27d44"}
,"C:\\Users\\Lenovo\\OneDrive\\Documents\\noor\\start-pro\\src\\libs\\common-messages\\index.tsx": {"path":"C:\\Users\\Lenovo\\OneDrive\\Documents\\noor\\start-pro\\src\\libs\\common-messages\\index.tsx","statementMap":{"0":{"start":{"line":7,"column":34},"end":{"line":16,"column":1}},"1":{"start":{"line":8,"column":18},"end":{"line":8,"column":35}},"2":{"start":{"line":9,"column":21},"end":{"line":9,"column":83}},"3":{"start":{"line":9,"column":53},"end":{"line":9,"column":80}},"4":{"start":{"line":10,"column":2},"end":{"line":15,"column":4}}},"fnMap":{"0":{"name":"(anonymous_0)","decl":{"start":{"line":7,"column":34},"end":{"line":7,"column":35}},"loc":{"start":{"line":7,"column":40},"end":{"line":16,"column":1}},"line":7},"1":{"name":"(anonymous_1)","decl":{"start":{"line":9,"column":41},"end":{"line":9,"column":42}},"loc":{"start":{"line":9,"column":53},"end":{"line":9,"column":80}},"line":9}},"branchMap":{"0":{"loc":{"start":{"line":12,"column":7},"end":{"line":12,"column":55}},"type":"binary-expr","locations":[{"start":{"line":12,"column":7},"end":{"line":12,"column":22}},{"start":{"line":12,"column":26},"end":{"line":12,"column":55}}],"line":12}},"s":{"0":1,"1":0,"2":0,"3":0,"4":0},"f":{"0":0,"1":0},"b":{"0":[0,0]},"_coverageSchema":"1a1c01bbd47fc00a2c39e90264f33305004495a9","hash":"d3057bd5acde81e20e43f9285c4fe6e7523de154"}
,"C:\\Users\\Lenovo\\OneDrive\\Documents\\noor\\start-pro\\src\\libs\\common-messages\\styles-hook\\use-common-style.ts": {"path":"C:\\Users\\Lenovo\\OneDrive\\Documents\\noor\\start-pro\\src\\libs\\common-messages\\styles-hook\\use-common-style.ts","statementMap":{"0":{"start":{"line":2,"column":31},"end":{"line":97,"column":2}}},"fnMap":{},"branchMap":{},"s":{"0":1},"f":{},"b":{},"_coverageSchema":"1a1c01bbd47fc00a2c39e90264f33305004495a9","hash":"f54dc9315dbfcb9b0fe5eea7dfdc920ec38eb4d3"}
,"C:\\Users\\Lenovo\\OneDrive\\Documents\\noor\\start-pro\\src\\libs\\dialog\\dialog.tsx": {"path":"C:\\Users\\Lenovo\\OneDrive\\Documents\\noor\\start-pro\\src\\libs\\dialog\\dialog.tsx","statementMap":{"0":{"start":{"line":6,"column":22},"end":{"line":23,"column":1}},"1":{"start":{"line":7,"column":36},"end":{"line":7,"column":54}},"2":{"start":{"line":8,"column":18},"end":{"line":8,"column":42}},"3":{"start":{"line":9,"column":21},"end":{"line":11,"column":5}},"4":{"start":{"line":10,"column":8},"end":{"line":10,"column":45}},"5":{"start":{"line":12,"column":4},"end":{"line":22,"column":6}}},"fnMap":{"0":{"name":"(anonymous_0)","decl":{"start":{"line":6,"column":22},"end":{"line":6,"column":23}},"loc":{"start":{"line":6,"column":28},"end":{"line":23,"column":1}},"line":6},"1":{"name":"(anonymous_1)","decl":{"start":{"line":9,"column":21},"end":{"line":9,"column":22}},"loc":{"start":{"line":9,"column":27},"end":{"line":11,"column":5}},"line":9}},"branchMap":{"0":{"loc":{"start":{"line":12,"column":12},"end":{"line":21,"column":25}},"type":"cond-expr","locations":[{"start":{"line":12,"column":29},"end":{"line":21,"column":14}},{"start":{"line":21,"column":19},"end":{"line":21,"column":24}}],"line":12},"1":{"loc":{"start":{"line":15,"column":32},"end":{"line":15,"column":86}},"type":"cond-expr","locations":[{"start":{"line":15,"column":46},"end":{"line":15,"column":60}},{"start":{"line":15,"column":63},"end":{"line":15,"column":86}}],"line":15},"2":{"loc":{"start":{"line":17,"column":21},"end":{"line":17,"column":106}},"type":"binary-expr","locations":[{"start":{"line":17,"column":21},"end":{"line":17,"column":36}},{"start":{"line":17,"column":40},"end":{"line":17,"column":106}}],"line":17}},"s":{"0":1,"1":0,"2":0,"3":0,"4":0,"5":0},"f":{"0":0,"1":0},"b":{"0":[0,0],"1":[0,0],"2":[0,0]},"_coverageSchema":"1a1c01bbd47fc00a2c39e90264f33305004495a9","hash":"0298b01dd4eedc10bbdf53bbf15c5f7a8438551e"}
,"C:\\Users\\Lenovo\\OneDrive\\Documents\\noor\\start-pro\\src\\libs\\list-checkbox-with-select-all\\index.tsx": {"path":"C:\\Users\\Lenovo\\OneDrive\\Documents\\noor\\start-pro\\src\\libs\\list-checkbox-with-select-all\\index.tsx","statementMap":{"0":{"start":{"line":16,"column":77},"end":{"line":55,"column":1}},"1":{"start":{"line":18,"column":33},"end":{"line":24,"column":5}},"2":{"start":{"line":19,"column":6},"end":{"line":19,"column":48}},"3":{"start":{"line":20,"column":25},"end":{"line":20,"column":70}},"4":{"start":{"line":20,"column":66},"end":{"line":20,"column":69}},"5":{"start":{"line":21,"column":26},"end":{"line":21,"column":70}},"6":{"start":{"line":21,"column":66},"end":{"line":21,"column":69}},"7":{"start":{"line":22,"column":6},"end":{"line":22,"column":37}},"8":{"start":{"line":23,"column":6},"end":{"line":23,"column":78}},"9":{"start":{"line":26,"column":34},"end":{"line":31,"column":5}},"10":{"start":{"line":27,"column":26},"end":{"line":27,"column":34}},"11":{"start":{"line":28,"column":6},"end":{"line":28,"column":55}},"12":{"start":{"line":28,"column":31},"end":{"line":28,"column":53}},"13":{"start":{"line":29,"column":6},"end":{"line":29,"column":37}},"14":{"start":{"line":30,"column":6},"end":{"line":30,"column":36}},"15":{"start":{"line":33,"column":4},"end":{"line":53,"column":6}},"16":{"start":{"line":45,"column":12},"end":{"line":48,"column":18}}},"fnMap":{"0":{"name":"(anonymous_0)","decl":{"start":{"line":17,"column":2},"end":{"line":17,"column":3}},"loc":{"start":{"line":17,"column":126},"end":{"line":54,"column":3}},"line":17},"1":{"name":"(anonymous_1)","decl":{"start":{"line":18,"column":33},"end":{"line":18,"column":34}},"loc":{"start":{"line":18,"column":71},"end":{"line":24,"column":5}},"line":18},"2":{"name":"(anonymous_2)","decl":{"start":{"line":20,"column":57},"end":{"line":20,"column":58}},"loc":{"start":{"line":20,"column":66},"end":{"line":20,"column":69}},"line":20},"3":{"name":"(anonymous_3)","decl":{"start":{"line":21,"column":57},"end":{"line":21,"column":58}},"loc":{"start":{"line":21,"column":66},"end":{"line":21,"column":69}},"line":21},"4":{"name":"(anonymous_4)","decl":{"start":{"line":26,"column":34},"end":{"line":26,"column":35}},"loc":{"start":{"line":26,"column":72},"end":{"line":31,"column":5}},"line":26},"5":{"name":"(anonymous_5)","decl":{"start":{"line":28,"column":19},"end":{"line":28,"column":20}},"loc":{"start":{"line":28,"column":31},"end":{"line":28,"column":53}},"line":28},"6":{"name":"(anonymous_6)","decl":{"start":{"line":44,"column":42},"end":{"line":44,"column":43}},"loc":{"start":{"line":44,"column":60},"end":{"line":49,"column":11}},"line":44}},"branchMap":{"0":{"loc":{"start":{"line":23,"column":27},"end":{"line":23,"column":76}},"type":"cond-expr","locations":[{"start":{"line":23,"column":40},"end":{"line":23,"column":44}},{"start":{"line":23,"column":47},"end":{"line":23,"column":76}}],"line":23},"1":{"loc":{"start":{"line":23,"column":47},"end":{"line":23,"column":76}},"type":"cond-expr","locations":[{"start":{"line":23,"column":61},"end":{"line":23,"column":68}},{"start":{"line":23,"column":71},"end":{"line":23,"column":76}}],"line":23},"2":{"loc":{"start":{"line":35,"column":9},"end":{"line":42,"column":9}},"type":"binary-expr","locations":[{"start":{"line":35,"column":9},"end":{"line":35,"column":26}},{"start":{"line":36,"column":10},"end":{"line":41,"column":16}}],"line":35}},"s":{"0":1,"1":0,"2":0,"3":0,"4":0,"5":0,"6":0,"7":0,"8":0,"9":0,"10":0,"11":0,"12":0,"13":0,"14":0,"15":0,"16":0},"f":{"0":0,"1":0,"2":0,"3":0,"4":0,"5":0,"6":0},"b":{"0":[0,0],"1":[0,0],"2":[0,0]},"_coverageSchema":"1a1c01bbd47fc00a2c39e90264f33305004495a9","hash":"198a258cc886c86f4fcf9ebc490c3a81f3af26a0"}
,"C:\\Users\\Lenovo\\OneDrive\\Documents\\noor\\start-pro\\src\\libs\\modal\\index.tsx": {"path":"C:\\Users\\Lenovo\\OneDrive\\Documents\\noor\\start-pro\\src\\libs\\modal\\index.tsx","statementMap":{"0":{"start":{"line":30,"column":23},"end":{"line":41,"column":2}},"1":{"start":{"line":43,"column":23},"end":{"line":45,"column":1}},"2":{"start":{"line":44,"column":2},"end":{"line":44,"column":97}},"3":{"start":{"line":47,"column":53},"end":{"line":88,"column":1}},"4":{"start":{"line":60,"column":18},"end":{"line":60,"column":34}},"5":{"start":{"line":61,"column":2},"end":{"line":61,"column":25}},"6":{"start":{"line":61,"column":13},"end":{"line":61,"column":25}},"7":{"start":{"line":62,"column":2},"end":{"line":87,"column":4}}},"fnMap":{"0":{"name":"(anonymous_0)","decl":{"start":{"line":43,"column":23},"end":{"line":43,"column":24}},"loc":{"start":{"line":43,"column":83},"end":{"line":45,"column":1}},"line":43},"1":{"name":"(anonymous_1)","decl":{"start":{"line":47,"column":53},"end":{"line":47,"column":54}},"loc":{"start":{"line":59,"column":6},"end":{"line":88,"column":1}},"line":59}},"branchMap":{"0":{"loc":{"start":{"line":44,"column":9},"end":{"line":44,"column":96}},"type":"cond-expr","locations":[{"start":{"line":44,"column":28},"end":{"line":44,"column":33}},{"start":{"line":44,"column":36},"end":{"line":44,"column":96}}],"line":44},"1":{"loc":{"start":{"line":44,"column":36},"end":{"line":44,"column":96}},"type":"cond-expr","locations":[{"start":{"line":44,"column":56},"end":{"line":44,"column":61}},{"start":{"line":44,"column":64},"end":{"line":44,"column":96}}],"line":44},"2":{"loc":{"start":{"line":44,"column":64},"end":{"line":44,"column":96}},"type":"cond-expr","locations":[{"start":{"line":44,"column":83},"end":{"line":44,"column":88}},{"start":{"line":44,"column":91},"end":{"line":44,"column":96}}],"line":44},"3":{"loc":{"start":{"line":61,"column":2},"end":{"line":61,"column":25}},"type":"if","locations":[{"start":{"line":61,"column":2},"end":{"line":61,"column":25}},{"start":{},"end":{}}],"line":61},"4":{"loc":{"start":{"line":74,"column":13},"end":{"line":79,"column":31}},"type":"binary-expr","locations":[{"start":{"line":74,"column":13},"end":{"line":74,"column":23}},{"start":{"line":75,"column":14},"end":{"line":79,"column":30}}],"line":74}},"s":{"0":1,"1":1,"2":0,"3":1,"4":0,"5":0,"6":0,"7":0},"f":{"0":0,"1":0},"b":{"0":[0,0],"1":[0,0],"2":[0,0],"3":[0,0],"4":[0,0]},"_coverageSchema":"1a1c01bbd47fc00a2c39e90264f33305004495a9","hash":"46c682447f454858e0d77da071cf8650f375af67"}
,"C:\\Users\\Lenovo\\OneDrive\\Documents\\noor\\start-pro\\src\\providers\\i18.ts": {"path":"C:\\Users\\Lenovo\\OneDrive\\Documents\\noor\\start-pro\\src\\providers\\i18.ts","statementMap":{"0":{"start":{"line":7,"column":0},"end":{"line":22,"column":5}}},"fnMap":{},"branchMap":{},"s":{"0":6},"f":{},"b":{},"_coverageSchema":"1a1c01bbd47fc00a2c39e90264f33305004495a9","hash":"2306cbee2ebac596f4054a9958f43f286633d375"}
,"C:\\Users\\Lenovo\\OneDrive\\Documents\\noor\\start-pro\\src\\utils\\test-utils.tsx": {"path":"C:\\Users\\Lenovo\\OneDrive\\Documents\\noor\\start-pro\\src\\utils\\test-utils.tsx","statementMap":{"0":{"start":{"line":5,"column":21},"end":{"line":6,"column":76}},"1":{"start":{"line":6,"column":4},"end":{"line":6,"column":76}}},"fnMap":{"0":{"name":"(anonymous_0)","decl":{"start":{"line":5,"column":21},"end":{"line":5,"column":22}},"loc":{"start":{"line":6,"column":4},"end":{"line":6,"column":76}},"line":6}},"branchMap":{"0":{"loc":{"start":{"line":5,"column":46},"end":{"line":5,"column":58}},"type":"default-arg","locations":[{"start":{"line":5,"column":56},"end":{"line":5,"column":58}}],"line":5}},"s":{"0":6,"1":0},"f":{"0":0},"b":{"0":[0]},"_coverageSchema":"1a1c01bbd47fc00a2c39e90264f33305004495a9","hash":"6687f9f304b987409923c47072f6ea9c87644964"}
}
