TN:
SF:src\libs\checkbox-list\index.tsx
FN:9,(anonymous_0)
FN:11,(anonymous_1)
FN:14,(anonymous_2)
FN:17,(anonymous_3)
FN:22,(anonymous_4)
FNF:5
FNH:5
FNDA:8,(anonymous_0)
FNDA:4,(anonymous_1)
FNDA:5,(anonymous_2)
FNDA:10,(anonymous_3)
FNDA:8,(anonymous_4)
DA:9,1
DA:10,8
DA:11,8
DA:12,4
DA:14,8
DA:15,5
DA:16,5
DA:17,10
DA:18,5
DA:20,8
DA:23,8
LF:11
LH:11
BRDA:17,0,0,10
BRDA:17,0,1,5
BRDA:18,1,0,1
BRDA:18,1,1,4
BRDA:18,2,0,1
BRDA:18,2,1,3
BRDA:21,3,0,8
BRDA:21,3,1,8
BRF:8
BRH:8
end_of_record
TN:
SF:src\utils\test-utils.tsx
FN:5,(anonymous_0)
FNF:1
FNH:1
FNDA:4,(anonymous_0)
DA:5,1
DA:6,4
LF:2
LH:2
BRDA:5,0,0,4
BRF:1
BRH:1
end_of_record
